[08-Sep-2019 23:12:54 America/Sao_Paulo] PHP Fatal error:  Uncaught Exception: Debugando:
########
VAR:
string(64) "SELECT * FROM produtos ORDER BY id_prod ASC LIMIT :offset, :qtd "
#0  debug_vardump_backtrace(SELECT * FROM produtos ORDER BY id_prod ASC LIMIT :offset, :qtd ) called at [/media/Dados/Público/www/2019/tsi/dsw/apiProds/controler/controler.php:63]
#1  debug_pre(SELECT * FROM produtos ORDER BY id_prod ASC LIMIT :offset, :qtd ) called at [/media/Dados/Público/www/2019/tsi/dsw/apiProds/model/produtoDAO.php:12]
#2  getAllProdutos(90, 5) called at [/media/Dados/Público/www/2019/tsi/dsw/apiProds/controler/produto.php:17]
#3  get_produto(90, 5) called at [/media/Dados/Público/www/2019/tsi/dsw/apiProds/controler/controler.php:31]
#4  route(produto/90/5) called at [/media/Dados/Público/www/2019/tsi/dsw/apiProds/index.php:18]
\n in /media/Dados/Público/www/2019/tsi/dsw/apiProds/controler/controler.php:62
Stack trace:
#0 /media/Dados/Público/www/2019/tsi/dsw/apiProds/model/produtoDAO.php(12): debug_pre('SELECT * FROM p...')
#1 /media/Dados/Público/www/2019/t in /media/Dados/Público/www/2019/tsi/dsw/apiProds/controler/controler.php on line 62
[08-Sep-2019 23:12:57 America/Sao_Paulo] PHP Fatal error:  Uncaught Exception: Debugando:
########
VAR:
string(64) "SELECT * FROM produtos ORDER BY id_prod ASC LIMIT :offset, :qtd "
#0  debug_vardump_backtrace(SELECT * FROM produtos ORDER BY id_prod ASC LIMIT :offset, :qtd ) called at [/media/Dados/Público/www/2019/tsi/dsw/apiProds/controler/controler.php:63]
#1  debug_pre(SELECT * FROM produtos ORDER BY id_prod ASC LIMIT :offset, :qtd ) called at [/media/Dados/Público/www/2019/tsi/dsw/apiProds/model/produtoDAO.php:12]
#2  getAllProdutos(90, 5) called at [/media/Dados/Público/www/2019/tsi/dsw/apiProds/controler/produto.php:17]
#3  get_produto(90, 5) called at [/media/Dados/Público/www/2019/tsi/dsw/apiProds/controler/controler.php:31]
#4  route(produto/90/5) called at [/media/Dados/Público/www/2019/tsi/dsw/apiProds/index.php:18]
\n in /media/Dados/Público/www/2019/tsi/dsw/apiProds/controler/controler.php:62
Stack trace:
#0 /media/Dados/Público/www/2019/tsi/dsw/apiProds/model/produtoDAO.php(12): debug_pre('SELECT * FROM p...')
#1 /media/Dados/Público/www/2019/t in /media/Dados/Público/www/2019/tsi/dsw/apiProds/controler/controler.php on line 62
[08-Sep-2019 23:14:08 America/Sao_Paulo] PHP Fatal error:  Uncaught Exception: Debugando:
########
VAR:
string(64) "SELECT * FROM produtos ORDER BY id_prod ASC LIMIT :offset, :qtd "
#0  debug_vardump_backtrace(SELECT * FROM produtos ORDER BY id_prod ASC LIMIT :offset, :qtd ) called at [/media/Dados/Público/www/2019/tsi/dsw/apiProds/controler/controler.php:63]
#1  debug_pre(SELECT * FROM produtos ORDER BY id_prod ASC LIMIT :offset, :qtd ) called at [/media/Dados/Público/www/2019/tsi/dsw/apiProds/model/produtoDAO.php:12]
#2  getAllProdutos(90, 5) called at [/media/Dados/Público/www/2019/tsi/dsw/apiProds/controler/produto.php:17]
#3  get_produto(90, 5) called at [/media/Dados/Público/www/2019/tsi/dsw/apiProds/controler/controler.php:31]
#4  route(produto/90/5) called at [/media/Dados/Público/www/2019/tsi/dsw/apiProds/index.php:18]
\n in /media/Dados/Público/www/2019/tsi/dsw/apiProds/controler/controler.php:62
Stack trace:
#0 /media/Dados/Público/www/2019/tsi/dsw/apiProds/model/produtoDAO.php(12): debug_pre('SELECT * FROM p...')
#1 /media/Dados/Público/www/2019/t in /media/Dados/Público/www/2019/tsi/dsw/apiProds/controler/controler.php on line 62
[08-Sep-2019 23:17:18 America/Sao_Paulo] PHP Fatal error:  Uncaught Exception: Debugando:
########
VAR:
string(64) "SELECT * FROM produtos ORDER BY id_prod ASC LIMIT :offset, :qtd "
#0  debug_vardump_backtrace(SELECT * FROM produtos ORDER BY id_prod ASC LIMIT :offset, :qtd ) called at [/media/Dados/Público/www/2019/tsi/dsw/apiProds/controler/controler.php:63]
#1  debug_pre(SELECT * FROM produtos ORDER BY id_prod ASC LIMIT :offset, :qtd ) called at [/media/Dados/Público/www/2019/tsi/dsw/apiProds/model/produtoDAO.php:12]
#2  getAllProdutos(90, 5) called at [/media/Dados/Público/www/2019/tsi/dsw/apiProds/controler/produto.php:17]
#3  get_produto(90, 5) called at [/media/Dados/Público/www/2019/tsi/dsw/apiProds/controler/controler.php:31]
#4  route(produto/90/5) called at [/media/Dados/Público/www/2019/tsi/dsw/apiProds/index.php:18]
\n in /media/Dados/Público/www/2019/tsi/dsw/apiProds/controler/controler.php:62
Stack trace:
#0 /media/Dados/Público/www/2019/tsi/dsw/apiProds/model/produtoDAO.php(12): debug_pre('SELECT * FROM p...')
#1 /media/Dados/Público/www/2019/t in /media/Dados/Público/www/2019/tsi/dsw/apiProds/controler/controler.php on line 62
[08-Sep-2019 23:26:38 America/Sao_Paulo] PHP Parse error:  syntax error, unexpected ')' in /media/Dados/Público/www/2019/tsi/dsw/apiProds/model/produtoDAO.php on line 7
[08-Sep-2019 23:27:06 America/Sao_Paulo] PHP Warning:  PDOStatement::execute(): SQLSTATE[HY093]: Invalid parameter number: number of bound variables does not match number of tokens in /media/Dados/Público/www/2019/tsi/dsw/apiProds/model/model.php on line 27
[08-Sep-2019 23:27:06 America/Sao_Paulo] PHP Fatal error:  Uncaught Exception: Debugando:
########
VAR:
object(PDOStatement)#2 (1) {
  ["queryString"]=>
  string(55) "SELECT * FROM produtos ORDER BY id_prod ASC LIMIT :qtd "
}
#0  debug_vardump_backtrace(PDOStatement Object ([queryString] => SELECT * FROM produtos ORDER BY id_prod ASC LIMIT :qtd )) called at [/media/Dados/Público/www/2019/tsi/dsw/apiProds/controler/controler.php:63]
#1  debug_pre(PDOStatement Object ([queryString] => SELECT * FROM produtos ORDER BY id_prod ASC LIMIT :qtd )) called at [/media/Dados/Público/www/2019/tsi/dsw/apiProds/model/model.php:47]
#2  executeQuery(SELECT * FROM produtos ORDER BY id_prod ASC LIMIT :qtd , Array ([:offset] => 10,[:qtd] => 5)) called at [/media/Dados/Público/www/2019/tsi/dsw/apiProds/model/produtoDAO.php:12]
#3  getAllProdutos(10, 5) called at [/media/Dados/Público/www/2019/tsi/dsw/apiProds/controler/produto.php:17]
#4  get_produto(10, 5) called at [/media/Dados/Público/www/2019/tsi/dsw/apiProds/controler/controler.php:31]
#5  route(produto/10/5) called at [/media in /media/Dados/Público/www/2019/tsi/dsw/apiProds/controler/controler.php on line 62
[08-Sep-2019 23:27:09 America/Sao_Paulo] PHP Warning:  PDOStatement::execute(): SQLSTATE[HY093]: Invalid parameter number: number of bound variables does not match number of tokens in /media/Dados/Público/www/2019/tsi/dsw/apiProds/model/model.php on line 27
[08-Sep-2019 23:27:09 America/Sao_Paulo] PHP Fatal error:  Uncaught Exception: Debugando:
########
VAR:
object(PDOStatement)#2 (1) {
  ["queryString"]=>
  string(55) "SELECT * FROM produtos ORDER BY id_prod ASC LIMIT :qtd "
}
#0  debug_vardump_backtrace(PDOStatement Object ([queryString] => SELECT * FROM produtos ORDER BY id_prod ASC LIMIT :qtd )) called at [/media/Dados/Público/www/2019/tsi/dsw/apiProds/controler/controler.php:63]
#1  debug_pre(PDOStatement Object ([queryString] => SELECT * FROM produtos ORDER BY id_prod ASC LIMIT :qtd )) called at [/media/Dados/Público/www/2019/tsi/dsw/apiProds/model/model.php:47]
#2  executeQuery(SELECT * FROM produtos ORDER BY id_prod ASC LIMIT :qtd , Array ([:offset] => 10,[:qtd] => 5)) called at [/media/Dados/Público/www/2019/tsi/dsw/apiProds/model/produtoDAO.php:12]
#3  getAllProdutos(10, 5) called at [/media/Dados/Público/www/2019/tsi/dsw/apiProds/controler/produto.php:17]
#4  get_produto(10, 5) called at [/media/Dados/Público/www/2019/tsi/dsw/apiProds/controler/controler.php:31]
#5  route(produto/10/5) called at [/media in /media/Dados/Público/www/2019/tsi/dsw/apiProds/controler/controler.php on line 62
[09-Sep-2019 01:17:01 America/Sao_Paulo] PHP Fatal error:  Uncaught Exception: Debugando:
########
VAR:
string(64) "SELECT * FROM produtos ORDER BY id_prod ASC LIMIT :offset, :qtd "
#0  debug_vardump_backtrace(SELECT * FROM produtos ORDER BY id_prod ASC LIMIT :offset, :qtd ) called at [/media/Dados/Público/www/2019/tsi/dsw/apiProds/controler/controler.php:63]
#1  debug(SELECT * FROM produtos ORDER BY id_prod ASC LIMIT :offset, :qtd ) called at [/media/Dados/Público/www/2019/tsi/dsw/apiProds/model/produtoDAO.php:10]
#2  getAllProdutos(10, 5) called at [/media/Dados/Público/www/2019/tsi/dsw/apiProds/controler/produto.php:17]
#3  get_produto(10, 5) called at [/media/Dados/Público/www/2019/tsi/dsw/apiProds/controler/controler.php:31]
#4  route(produto/10/5) called at [/media/Dados/Público/www/2019/tsi/dsw/apiProds/index.php:18]
\n in /media/Dados/Público/www/2019/tsi/dsw/apiProds/controler/controler.php:62
Stack trace:
#0 /media/Dados/Público/www/2019/tsi/dsw/apiProds/model/produtoDAO.php(10): debug('SELECT * FROM p...')
#1 /media/Dados/Público/www/2019/tsi/dsw/a in /media/Dados/Público/www/2019/tsi/dsw/apiProds/controler/controler.php on line 62
[09-Sep-2019 01:29:34 America/Sao_Paulo] PHP Fatal error:  Uncaught Exception: Debugando:
########
VAR:
string(64) "SELECT * FROM produtos ORDER BY id_prod ASC LIMIT :offset, :qtd "
#0  debug_vardump_backtrace(SELECT * FROM produtos ORDER BY id_prod ASC LIMIT :offset, :qtd ) called at [/media/Dados/Público/www/2019/tsi/dsw/apiProds/controler/controler.php:63]
#1  debug(SELECT * FROM produtos ORDER BY id_prod ASC LIMIT :offset, :qtd ) called at [/media/Dados/Público/www/2019/tsi/dsw/apiProds/model/produtoDAO.php:10]
#2  getAllProdutos(10, 5) called at [/media/Dados/Público/www/2019/tsi/dsw/apiProds/controler/produto.php:17]
#3  get_produto(10, 5) called at [/media/Dados/Público/www/2019/tsi/dsw/apiProds/controler/controler.php:31]
#4  route(produto/10/5) called at [/media/Dados/Público/www/2019/tsi/dsw/apiProds/index.php:18]
\n in /media/Dados/Público/www/2019/tsi/dsw/apiProds/controler/controler.php:62
Stack trace:
#0 /media/Dados/Público/www/2019/tsi/dsw/apiProds/model/produtoDAO.php(10): debug('SELECT * FROM p...')
#1 /media/Dados/Público/www/2019/tsi/dsw/a in /media/Dados/Público/www/2019/tsi/dsw/apiProds/controler/controler.php on line 62
[09-Sep-2019 02:58:57 America/Sao_Paulo] PHP Fatal error:  Uncaught Exception: Debugando:
########
VAR:
string(13) "produto/10/10"
#0  debug_vardump_backtrace(produto/10/10) called at [/media/Dados/Público/www/2019/tsi/dsw/apiProds/controler/controler.php:63]
#1  debug(produto/10/10) called at [/media/Dados/Público/www/2019/tsi/dsw/apiProds/index.php:18]
\n in /media/Dados/Público/www/2019/tsi/dsw/apiProds/controler/controler.php:62
Stack trace:
#0 /media/Dados/Público/www/2019/tsi/dsw/apiProds/index.php(18): debug('produto/10/10')
#1 {main}
  thrown in /media/Dados/Público/www/2019/tsi/dsw/apiProds/controler/controler.php on line 62
[09-Sep-2019 02:59:26 America/Sao_Paulo] PHP Fatal error:  Uncaught Exception: Debugando:
########
VAR:
string(10) "produto/99"
#0  debug_vardump_backtrace(produto/99) called at [/media/Dados/Público/www/2019/tsi/dsw/apiProds/controler/controler.php:63]
#1  debug(produto/99) called at [/media/Dados/Público/www/2019/tsi/dsw/apiProds/index.php:18]
\n in /media/Dados/Público/www/2019/tsi/dsw/apiProds/controler/controler.php:62
Stack trace:
#0 /media/Dados/Público/www/2019/tsi/dsw/apiProds/index.php(18): debug('produto/99')
#1 {main}
  thrown in /media/Dados/Público/www/2019/tsi/dsw/apiProds/controler/controler.php on line 62
[09-Sep-2019 03:00:35 America/Sao_Paulo] PHP Fatal error:  Uncaught Exception: Debugando:
########
VAR:
array(39) {
  ["REDIRECT_STATUS"]=>
  string(3) "200"
  ["HTTP_HOST"]=>
  string(9) "localhost"
  ["HTTP_CONNECTION"]=>
  string(10) "keep-alive"
  ["HTTP_PRAGMA"]=>
  string(8) "no-cache"
  ["HTTP_CACHE_CONTROL"]=>
  string(8) "no-cache"
  ["HTTP_SEC_FETCH_MODE"]=>
  string(4) "cors"
  ["HTTP_USER_AGENT"]=>
  string(105) "Mozilla/5.0 (X11; Linux x86_64) AppleWebKit/537.36 (KHTML, like Gecko) Chrome/76.0.3809.132 Safari/537.36"
  ["CONTENT_TYPE"]=>
  string(16) "application/json"
  ["HTTP_ACCEPT"]=>
  string(3) "*/*"
  ["HTTP_SEC_FETCH_SITE"]=>
  string(11) "same-origin"
  ["HTTP_REFERER"]=>
  string(59) "http://localhost/2019/tsi/dsw/apiProds/view/listarprod.html"
  ["HTTP_ACCEPT_ENCODING"]=>
  string(17) "gzip, deflate, br"
  ["HTTP_ACCEPT_LANGUAGE"]=>
  string(44) "pt-BR,pt;q=0.9,en-US;q=0.8,en;q=0.7,es;q=0.6"
  ["HTTP_COOKIE"]=>
  string(127) "PPA_ID=3ajit6pe9ajvmulmhrjutj3tkf; webfx-tree-cookie-persistence=wfxt-4; Phpstorm-d64cd0c3=eada3600-332a-4be9-a969-2bb5 in /media/Dados/Público/www/2019/tsi/dsw/apiProds/controler/controler.php on line 63
[09-Sep-2019 03:01:41 America/Sao_Paulo] PHP Fatal error:  Uncaught Exception: Debugando:
########
VAR:
string(3) "GET"
#0  debug_vardump_backtrace(GET) called at [/media/Dados/Público/www/2019/tsi/dsw/apiProds/controler/controler.php:64]
#1  debug(GET) called at [/media/Dados/Público/www/2019/tsi/dsw/apiProds/controler/controler.php:5]
#2  route(produto/10/10) called at [/media/Dados/Público/www/2019/tsi/dsw/apiProds/index.php:18]
\n in /media/Dados/Público/www/2019/tsi/dsw/apiProds/controler/controler.php:63
Stack trace:
#0 /media/Dados/Público/www/2019/tsi/dsw/apiProds/controler/controler.php(5): debug('GET')
#1 /media/Dados/Público/www/2019/tsi/dsw/apiProds/index.php(18): route('produto/10/10')
#2 {main}
  thrown in /media/Dados/Público/www/2019/tsi/dsw/apiProds/controler/controler.php on line 63
[09-Sep-2019 03:02:22 America/Sao_Paulo] PHP Fatal error:  Uncaught Exception: Debugando:
########
VAR:
array(3) {
  [0]=>
  string(7) "produto"
  [1]=>
  string(2) "10"
  [2]=>
  string(2) "10"
}
#0  debug_vardump_backtrace(Array ([0] => produto,[1] => 10,[2] => 10)) called at [/media/Dados/Público/www/2019/tsi/dsw/apiProds/controler/controler.php:65]
#1  debug(Array ([0] => produto,[1] => 10,[2] => 10)) called at [/media/Dados/Público/www/2019/tsi/dsw/apiProds/controler/controler.php:8]
#2  route(produto/10/10) called at [/media/Dados/Público/www/2019/tsi/dsw/apiProds/index.php:18]
\n in /media/Dados/Público/www/2019/tsi/dsw/apiProds/controler/controler.php:64
Stack trace:
#0 /media/Dados/Público/www/2019/tsi/dsw/apiProds/controler/controler.php(8): debug(Array)
#1 /media/Dados/Público/www/2019/tsi/dsw/apiProds/index.php(18): route('produto/10/10')
#2 {main}
  thrown in /media/Dados/Público/www/2019/tsi/dsw/apiProds/controler/controler.php on line 64
[09-Sep-2019 22:41:41 America/Sao_Paulo] PHP Fatal error:  Uncaught Error: Call to undefined function upd_produto() in /media/Dados/Público/www/2019/tsi/dsw/apiProds/controler/controler.php:32
Stack trace:
#0 /media/Dados/Público/www/2019/tsi/dsw/apiProds/index.php(18): router('produto/')
#1 {main}
  thrown in /media/Dados/Público/www/2019/tsi/dsw/apiProds/controler/controler.php on line 32
[09-Sep-2019 22:43:10 America/Sao_Paulo] PHP Fatal error:  Uncaught Exception: Debugando:
########
VAR:
array(1) {
  ["post"]=>
  array(7) {
    ["nome"]=>
    string(8) "asdfasdf"
    ["descricao"]=>
    string(4) "asdf"
    ["qtd_estoque"]=>
    string(3) "213"
    ["preco"]=>
    string(3) "123"
    ["importato"]=>
    string(8) "Nacional"
    ["desco"]=>
    string(74) "10% a vista no Débito,20% a vista no Boleto,Brinde para pagamento a vista"
    ["itens"]=>
    string(17) "Grantia Extendida"
  }
}
#0  debug_vardump_backtrace(Array ([post] => Array ([nome] => asdfasdf,[descricao] => asdf,[qtd_estoque] => 213,[preco] => 123,[importato] => Nacional,[desco] => 10% a vista no Débito,20% a vista no Boleto,Brinde para pagamento a vista,[itens] => Grantia Extendida))) called at [/media/Dados/Público/www/2019/tsi/dsw/apiProds/controler/controler.php:65]
#1  debug(Array ([post] => Array ([nome] => asdfasdf,[descricao] => asdf,[qtd_estoque] => 213,[preco] => 123,[importato] => Nacional,[desco] => 10% a vista no Débito,20% a vista no Boleto,Brinde para pagamento a vist in /media/Dados/Público/www/2019/tsi/dsw/apiProds/controler/controler.php on line 64
[09-Sep-2019 23:00:12 America/Sao_Paulo] PHP Warning:  A non-numeric value encountered in /media/Dados/Público/www/2019/tsi/dsw/apiProds/controler/produto.php on line 13
[09-Sep-2019 23:00:12 America/Sao_Paulo] PHP Warning:  A non-numeric value encountered in /media/Dados/Público/www/2019/tsi/dsw/apiProds/controler/produto.php on line 13
[09-Sep-2019 23:03:41 America/Sao_Paulo] PHP Notice:  Undefined index: id_prod in /media/Dados/Público/www/2019/tsi/dsw/apiProds/controler/produto.php on line 14
[09-Sep-2019 23:04:42 America/Sao_Paulo] PHP Notice:  Undefined index: id_prod in /media/Dados/Público/www/2019/tsi/dsw/apiProds/controler/produto.php on line 14
[09-Sep-2019 23:05:28 America/Sao_Paulo] PHP Notice:  Undefined index: id_prod in /media/Dados/Público/www/2019/tsi/dsw/apiProds/controler/produto.php on line 15
[09-Sep-2019 23:05:33 America/Sao_Paulo] PHP Notice:  Undefined index: id_prod in /media/Dados/Público/www/2019/tsi/dsw/apiProds/controler/produto.php on line 15
[09-Sep-2019 23:07:56 America/Sao_Paulo] PHP Notice:  Undefined index: id_prod in /media/Dados/Público/www/2019/tsi/dsw/apiProds/controler/produto.php on line 15
[09-Sep-2019 23:13:20 America/Sao_Paulo] PHP Fatal error:  Uncaught Exception: Debugando:
########
VAR:
NULL
#0  debug_vardump_backtrace() called at [/media/Dados/Público/www/2019/tsi/dsw/apiProds/controler/controler.php:65]
#1  debug() called at [/media/Dados/Público/www/2019/tsi/dsw/apiProds/controler/produto.php:14]
#2  del_produto() called at [/media/Dados/Público/www/2019/tsi/dsw/apiProds/controler/controler.php:32]
#3  router(produto/) called at [/media/Dados/Público/www/2019/tsi/dsw/apiProds/index.php:18]
\n in /media/Dados/Público/www/2019/tsi/dsw/apiProds/controler/controler.php:64
Stack trace:
#0 /media/Dados/Público/www/2019/tsi/dsw/apiProds/controler/produto.php(14): debug(NULL)
#1 /media/Dados/Público/www/2019/tsi/dsw/apiProds/controler/controler.php(32): del_produto('')
#2 /media/Dados/Público/www/2019/tsi/dsw/apiProds/index.php(18): router('produto/')
#3 {main}
  thrown in /media/Dados/Público/www/2019/tsi/dsw/apiProds/controler/controler.php on line 64
[09-Sep-2019 23:13:45 America/Sao_Paulo] PHP Fatal error:  Uncaught Exception: Debugando:
########
VAR:
object(stdClass)#1 (1) {
  ["id_prod"]=>
  int(10)
}
#0  debug_vardump_backtrace(stdClass Object ([id_prod] => 10)) called at [/media/Dados/Público/www/2019/tsi/dsw/apiProds/controler/controler.php:65]
#1  debug(stdClass Object ([id_prod] => 10)) called at [/media/Dados/Público/www/2019/tsi/dsw/apiProds/controler/produto.php:14]
#2  del_produto() called at [/media/Dados/Público/www/2019/tsi/dsw/apiProds/controler/controler.php:32]
#3  router(produto/) called at [/media/Dados/Público/www/2019/tsi/dsw/apiProds/index.php:18]
\n in /media/Dados/Público/www/2019/tsi/dsw/apiProds/controler/controler.php:64
Stack trace:
#0 /media/Dados/Público/www/2019/tsi/dsw/apiProds/controler/produto.php(14): debug(Object(stdClass))
#1 /media/Dados/Público/www/2019/tsi/dsw/apiProds/controler/controler.php(32): del_produto('')
#2 /media/Dados/Público/www/2019/tsi/dsw/apiProds/index.php(18): router('produto/')
#3 {main}
  thrown in /media/Dados/Público/www/2019/tsi/dsw/apiProds/controler/controler.php on line 64
[09-Sep-2019 23:16:35 America/Sao_Paulo] PHP Fatal error:  Uncaught Exception: Debugando:
########
VAR:
object(stdClass)#1 (8) {
  ["nome"]=>
  string(8) "ASDFASDF"
  ["descricao"]=>
  string(25) "Fuga quis ratione facere."
  ["qtd_estoque"]=>
  string(1) "6"
  ["preco"]=>
  string(8) "66516.80"
  ["importato"]=>
  int(1)
  ["desco"]=>
  string(13) "Sem Descontos"
  ["itens"]=>
  string(9) "Sem Itens"
  ["id_prod"]=>
  string(2) "10"
}
#0  debug_vardump_backtrace(stdClass Object ([nome] => ASDFASDF,[descricao] => Fuga quis ratione facere.,[qtd_estoque] => 6,[preco] => 66516.80,[importato] => 1,[desco] => Sem Descontos,[itens] => Sem Itens,[id_prod] => 10)) called at [/media/Dados/Público/www/2019/tsi/dsw/apiProds/controler/controler.php:65]
#1  debug(stdClass Object ([nome] => ASDFASDF,[descricao] => Fuga quis ratione facere.,[qtd_estoque] => 6,[preco] => 66516.80,[importato] => 1,[desco] => Sem Descontos,[itens] => Sem Itens,[id_prod] => 10)) called at [/media/Dados/Público/www/2019/tsi/dsw/apiProds/controler/produto.php:7]
#2  upd_produto() called at [/media/Dado in /media/Dados/Público/www/2019/tsi/dsw/apiProds/controler/controler.php on line 64
[09-Sep-2019 23:18:32 America/Sao_Paulo] PHP Fatal error:  Uncaught Exception: Debugando:
########
VAR:
array(1) {
  ["post"]=>
  array(7) {
    ["nome"]=>
    string(8) "ASDFASDF"
    ["descricao"]=>
    string(0) ""
    ["qtd_estoque"]=>
    string(0) ""
    ["preco"]=>
    string(0) ""
    ["importato"]=>
    string(1) "0"
    ["desco"]=>
    string(13) "Sem Descontos"
    ["itens"]=>
    string(9) "Sem Itens"
  }
}
#0  debug_vardump_backtrace(Array ([post] => Array ([nome] => ASDFASDF,[descricao] => ,[qtd_estoque] => ,[preco] => ,[importato] => 0,[desco] => Sem Descontos,[itens] => Sem Itens))) called at [/media/Dados/Público/www/2019/tsi/dsw/apiProds/controler/controler.php:65]
#1  debug(Array ([post] => Array ([nome] => ASDFASDF,[descricao] => ,[qtd_estoque] => ,[preco] => ,[importato] => 0,[desco] => Sem Descontos,[itens] => Sem Itens))) called at [/media/Dados/Público/www/2019/tsi/dsw/apiProds/controler/produto.php:33]
#2  add_produto() called at [/media/Dados/Público/www/2019/tsi/dsw/apiProds/controler/controler.php:32]
#3  router(produto/) called at [/me in /media/Dados/Público/www/2019/tsi/dsw/apiProds/controler/controler.php on line 64
[09-Sep-2019 23:18:40 America/Sao_Paulo] PHP Fatal error:  Uncaught Exception: Debugando:
########
VAR:
object(stdClass)#1 (8) {
  ["nome"]=>
  string(12) "ASDFASDFASDF"
  ["descricao"]=>
  string(25) "Fuga quis ratione facere."
  ["qtd_estoque"]=>
  string(1) "6"
  ["preco"]=>
  string(8) "66516.80"
  ["importato"]=>
  int(1)
  ["desco"]=>
  string(13) "Sem Descontos"
  ["itens"]=>
  string(9) "Sem Itens"
  ["id_prod"]=>
  string(2) "10"
}
#0  debug_vardump_backtrace(stdClass Object ([nome] => ASDFASDFASDF,[descricao] => Fuga quis ratione facere.,[qtd_estoque] => 6,[preco] => 66516.80,[importato] => 1,[desco] => Sem Descontos,[itens] => Sem Itens,[id_prod] => 10)) called at [/media/Dados/Público/www/2019/tsi/dsw/apiProds/controler/controler.php:65]
#1  debug(stdClass Object ([nome] => ASDFASDFASDF,[descricao] => Fuga quis ratione facere.,[qtd_estoque] => 6,[preco] => 66516.80,[importato] => 1,[desco] => Sem Descontos,[itens] => Sem Itens,[id_prod] => 10)) called at [/media/Dados/Público/www/2019/tsi/dsw/apiProds/controler/produto.php:7]
#2  upd_produto() called at in /media/Dados/Público/www/2019/tsi/dsw/apiProds/controler/controler.php on line 64
[09-Sep-2019 23:18:55 America/Sao_Paulo] PHP Fatal error:  Uncaught Exception: Debugando:
########
VAR:
object(stdClass)#1 (8) {
  ["nome"]=>
  string(8) "asdfasdf"
  ["descricao"]=>
  string(25) "Fuga quis ratione facere."
  ["qtd_estoque"]=>
  string(1) "6"
  ["preco"]=>
  string(8) "66516.80"
  ["importato"]=>
  int(1)
  ["desco"]=>
  string(13) "Sem Descontos"
  ["itens"]=>
  string(9) "Sem Itens"
  ["id_prod"]=>
  string(2) "10"
}
#0  debug_vardump_backtrace(stdClass Object ([nome] => asdfasdf,[descricao] => Fuga quis ratione facere.,[qtd_estoque] => 6,[preco] => 66516.80,[importato] => 1,[desco] => Sem Descontos,[itens] => Sem Itens,[id_prod] => 10)) called at [/media/Dados/Público/www/2019/tsi/dsw/apiProds/controler/controler.php:65]
#1  debug(stdClass Object ([nome] => asdfasdf,[descricao] => Fuga quis ratione facere.,[qtd_estoque] => 6,[preco] => 66516.80,[importato] => 1,[desco] => Sem Descontos,[itens] => Sem Itens,[id_prod] => 10)) called at [/media/Dados/Público/www/2019/tsi/dsw/apiProds/controler/produto.php:7]
#2  upd_produto() called at [/media/Dado in /media/Dados/Público/www/2019/tsi/dsw/apiProds/controler/controler.php on line 64
[09-Sep-2019 23:20:05 America/Sao_Paulo] PHP Fatal error:  Uncaught Exception: Debugando:
########
VAR:
object(stdClass)#1 (8) {
  ["nome"]=>
  string(8) "ASDFASDF"
  ["descricao"]=>
  string(25) "Fuga quis ratione facere."
  ["qtd_estoque"]=>
  string(1) "6"
  ["preco"]=>
  string(8) "66516.80"
  ["importato"]=>
  int(1)
  ["desco"]=>
  string(13) "Sem Descontos"
  ["itens"]=>
  string(9) "Sem Itens"
  ["id_prod"]=>
  string(2) "10"
}
#0  debug_vardump_backtrace(stdClass Object ([nome] => ASDFASDF,[descricao] => Fuga quis ratione facere.,[qtd_estoque] => 6,[preco] => 66516.80,[importato] => 1,[desco] => Sem Descontos,[itens] => Sem Itens,[id_prod] => 10)) called at [/media/Dados/Público/www/2019/tsi/dsw/apiProds/controler/controler.php:65]
#1  debug(stdClass Object ([nome] => ASDFASDF,[descricao] => Fuga quis ratione facere.,[qtd_estoque] => 6,[preco] => 66516.80,[importato] => 1,[desco] => Sem Descontos,[itens] => Sem Itens,[id_prod] => 10)) called at [/media/Dados/Público/www/2019/tsi/dsw/apiProds/controler/produto.php:7]
#2  upd_produto() called at [/media/Dado in /media/Dados/Público/www/2019/tsi/dsw/apiProds/controler/controler.php on line 64
[09-Sep-2019 23:20:12 America/Sao_Paulo] PHP Fatal error:  Uncaught Exception: Debugando:
########
VAR:
object(stdClass)#1 (8) {
  ["nome"]=>
  string(8) "asdfasdf"
  ["descricao"]=>
  string(55) "Tempora cupiditate aut quos itaque quo deserunt beatae."
  ["qtd_estoque"]=>
  string(1) "2"
  ["preco"]=>
  string(6) "625.00"
  ["importato"]=>
  int(1)
  ["desco"]=>
  string(13) "Sem Descontos"
  ["itens"]=>
  string(9) "Sem Itens"
  ["id_prod"]=>
  string(2) "11"
}
#0  debug_vardump_backtrace(stdClass Object ([nome] => asdfasdf,[descricao] => Tempora cupiditate aut quos itaque quo deserunt beatae.,[qtd_estoque] => 2,[preco] => 625.00,[importato] => 1,[desco] => Sem Descontos,[itens] => Sem Itens,[id_prod] => 11)) called at [/media/Dados/Público/www/2019/tsi/dsw/apiProds/controler/controler.php:65]
#1  debug(stdClass Object ([nome] => asdfasdf,[descricao] => Tempora cupiditate aut quos itaque quo deserunt beatae.,[qtd_estoque] => 2,[preco] => 625.00,[importato] => 1,[desco] => Sem Descontos,[itens] => Sem Itens,[id_prod] => 11)) called at [/media/Dados/Público/www/201 in /media/Dados/Público/www/2019/tsi/dsw/apiProds/controler/controler.php on line 64
[09-Sep-2019 23:22:10 America/Sao_Paulo] PHP Fatal error:  Uncaught Exception: Debugando:
########
VAR:
object(stdClass)#1 (8) {
  ["nome"]=>
  string(4) "eykk"
  ["descricao"]=>
  string(35) "Qui nemo odit ut et sapiente culpa."
  ["qtd_estoque"]=>
  string(1) "9"
  ["preco"]=>
  string(4) "0.00"
  ["importato"]=>
  int(1)
  ["desco"]=>
  string(13) "Sem Descontos"
  ["itens"]=>
  string(9) "Sem Itens"
  ["id_prod"]=>
  string(2) "14"
}
#0  debug_vardump_backtrace(stdClass Object ([nome] => eykk,[descricao] => Qui nemo odit ut et sapiente culpa.,[qtd_estoque] => 9,[preco] => 0.00,[importato] => 1,[desco] => Sem Descontos,[itens] => Sem Itens,[id_prod] => 14)) called at [/media/Dados/Público/www/2019/tsi/dsw/apiProds/controler/controler.php:65]
#1  debug(stdClass Object ([nome] => eykk,[descricao] => Qui nemo odit ut et sapiente culpa.,[qtd_estoque] => 9,[preco] => 0.00,[importato] => 1,[desco] => Sem Descontos,[itens] => Sem Itens,[id_prod] => 14)) called at [/media/Dados/Público/www/2019/tsi/dsw/apiProds/controler/produto.php:7]
#2  upd_produto() called at [/medi in /media/Dados/Público/www/2019/tsi/dsw/apiProds/controler/controler.php on line 64
[09-Sep-2019 23:22:15 America/Sao_Paulo] PHP Fatal error:  Uncaught Exception: Debugando:
########
VAR:
object(stdClass)#1 (8) {
  ["nome"]=>
  string(4) "kqem"
  ["descricao"]=>
  string(54) "Voluptatem ducimus assumenda ab explicabo accusantium."
  ["qtd_estoque"]=>
  string(1) "6"
  ["preco"]=>
  string(6) "829.26"
  ["importato"]=>
  int(1)
  ["desco"]=>
  string(13) "Sem Descontos"
  ["itens"]=>
  string(9) "Sem Itens"
  ["id_prod"]=>
  string(2) "15"
}
#0  debug_vardump_backtrace(stdClass Object ([nome] => kqem,[descricao] => Voluptatem ducimus assumenda ab explicabo accusantium.,[qtd_estoque] => 6,[preco] => 829.26,[importato] => 1,[desco] => Sem Descontos,[itens] => Sem Itens,[id_prod] => 15)) called at [/media/Dados/Público/www/2019/tsi/dsw/apiProds/controler/controler.php:65]
#1  debug(stdClass Object ([nome] => kqem,[descricao] => Voluptatem ducimus assumenda ab explicabo accusantium.,[qtd_estoque] => 6,[preco] => 829.26,[importato] => 1,[desco] => Sem Descontos,[itens] => Sem Itens,[id_prod] => 15)) called at [/media/Dados/Público/www/2019/tsi/dsw/apiPr in /media/Dados/Público/www/2019/tsi/dsw/apiProds/controler/controler.php on line 64
[09-Sep-2019 23:22:18 America/Sao_Paulo] PHP Fatal error:  Uncaught Exception: Debugando:
########
VAR:
object(stdClass)#1 (8) {
  ["nome"]=>
  string(4) "asfd"
  ["descricao"]=>
  string(40) "Mollitia et nihil nulla et eveniet quia."
  ["qtd_estoque"]=>
  string(1) "9"
  ["preco"]=>
  string(8) "49628.92"
  ["importato"]=>
  int(1)
  ["desco"]=>
  string(13) "Sem Descontos"
  ["itens"]=>
  string(9) "Sem Itens"
  ["id_prod"]=>
  string(2) "23"
}
#0  debug_vardump_backtrace(stdClass Object ([nome] => asfd,[descricao] => Mollitia et nihil nulla et eveniet quia.,[qtd_estoque] => 9,[preco] => 49628.92,[importato] => 1,[desco] => Sem Descontos,[itens] => Sem Itens,[id_prod] => 23)) called at [/media/Dados/Público/www/2019/tsi/dsw/apiProds/controler/controler.php:65]
#1  debug(stdClass Object ([nome] => asfd,[descricao] => Mollitia et nihil nulla et eveniet quia.,[qtd_estoque] => 9,[preco] => 49628.92,[importato] => 1,[desco] => Sem Descontos,[itens] => Sem Itens,[id_prod] => 23)) called at [/media/Dados/Público/www/2019/tsi/dsw/apiProds/controler/produto.php:7]
#2  upd in /media/Dados/Público/www/2019/tsi/dsw/apiProds/controler/controler.php on line 64
[09-Sep-2019 23:22:22 America/Sao_Paulo] PHP Fatal error:  Uncaught Exception: Debugando:
########
VAR:
object(stdClass)#1 (8) {
  ["nome"]=>
  string(4) "lpsj"
  ["descricao"]=>
  string(49) "Sapiente nulla voluptas nisi quia veniam commodi."
  ["qtd_estoque"]=>
  string(1) "7"
  ["preco"]=>
  string(9) "480947.60"
  ["importato"]=>
  int(0)
  ["desco"]=>
  string(13) "Sem Descontos"
  ["itens"]=>
  string(9) "Sem Itens"
  ["id_prod"]=>
  string(2) "32"
}
#0  debug_vardump_backtrace(stdClass Object ([nome] => lpsj,[descricao] => Sapiente nulla voluptas nisi quia veniam commodi.,[qtd_estoque] => 7,[preco] => 480947.60,[importato] => 0,[desco] => Sem Descontos,[itens] => Sem Itens,[id_prod] => 32)) called at [/media/Dados/Público/www/2019/tsi/dsw/apiProds/controler/controler.php:65]
#1  debug(stdClass Object ([nome] => lpsj,[descricao] => Sapiente nulla voluptas nisi quia veniam commodi.,[qtd_estoque] => 7,[preco] => 480947.60,[importato] => 0,[desco] => Sem Descontos,[itens] => Sem Itens,[id_prod] => 32)) called at [/media/Dados/Público/www/2019/tsi/dsw/apiProds/co in /media/Dados/Público/www/2019/tsi/dsw/apiProds/controler/controler.php on line 64
[09-Sep-2019 23:22:25 America/Sao_Paulo] PHP Fatal error:  Uncaught Exception: Debugando:
########
VAR:
object(stdClass)#1 (8) {
  ["nome"]=>
  string(4) "ohff"
  ["descricao"]=>
  string(39) "Delectus molestiae veniam quam aut eum."
  ["qtd_estoque"]=>
  string(1) "1"
  ["preco"]=>
  string(4) "2.85"
  ["importato"]=>
  int(0)
  ["desco"]=>
  string(13) "Sem Descontos"
  ["itens"]=>
  string(9) "Sem Itens"
  ["id_prod"]=>
  string(2) "41"
}
#0  debug_vardump_backtrace(stdClass Object ([nome] => ohff,[descricao] => Delectus molestiae veniam quam aut eum.,[qtd_estoque] => 1,[preco] => 2.85,[importato] => 0,[desco] => Sem Descontos,[itens] => Sem Itens,[id_prod] => 41)) called at [/media/Dados/Público/www/2019/tsi/dsw/apiProds/controler/controler.php:65]
#1  debug(stdClass Object ([nome] => ohff,[descricao] => Delectus molestiae veniam quam aut eum.,[qtd_estoque] => 1,[preco] => 2.85,[importato] => 0,[desco] => Sem Descontos,[itens] => Sem Itens,[id_prod] => 41)) called at [/media/Dados/Público/www/2019/tsi/dsw/apiProds/controler/produto.php:7]
#2  upd_produto() call in /media/Dados/Público/www/2019/tsi/dsw/apiProds/controler/controler.php on line 64
[09-Sep-2019 23:22:28 America/Sao_Paulo] PHP Fatal error:  Uncaught Exception: Debugando:
########
VAR:
object(stdClass)#1 (8) {
  ["nome"]=>
  string(4) "mwyl"
  ["descricao"]=>
  string(37) "Quia ipsam quis non nemo et delectus."
  ["qtd_estoque"]=>
  string(1) "3"
  ["preco"]=>
  string(10) "5034925.86"
  ["importato"]=>
  int(0)
  ["desco"]=>
  string(13) "Sem Descontos"
  ["itens"]=>
  string(9) "Sem Itens"
  ["id_prod"]=>
  string(2) "50"
}
#0  debug_vardump_backtrace(stdClass Object ([nome] => mwyl,[descricao] => Quia ipsam quis non nemo et delectus.,[qtd_estoque] => 3,[preco] => 5034925.86,[importato] => 0,[desco] => Sem Descontos,[itens] => Sem Itens,[id_prod] => 50)) called at [/media/Dados/Público/www/2019/tsi/dsw/apiProds/controler/controler.php:65]
#1  debug(stdClass Object ([nome] => mwyl,[descricao] => Quia ipsam quis non nemo et delectus.,[qtd_estoque] => 3,[preco] => 5034925.86,[importato] => 0,[desco] => Sem Descontos,[itens] => Sem Itens,[id_prod] => 50)) called at [/media/Dados/Público/www/2019/tsi/dsw/apiProds/controler/produto.php:7]
#2  upd_p in /media/Dados/Público/www/2019/tsi/dsw/apiProds/controler/controler.php on line 64
[09-Sep-2019 23:28:15 America/Sao_Paulo] PHP Fatal error:  Uncaught Exception: Debugando:
########
VAR:
array(1) {
  ["post"]=>
  array(7) {
    ["nome"]=>
    string(7) "ASFASDF"
    ["descricao"]=>
    string(5) "asdfa"
    ["qtd_estoque"]=>
    string(3) "123"
    ["preco"]=>
    string(3) "123"
    ["importato"]=>
    string(1) "0"
    ["desco"]=>
    string(104) "10% a vista no Débito,20% a vista no Boleto,Brinde para pagamento a vista,Até 3x sem juros no crédito"
    ["itens"]=>
    string(17) "Grantia Extendida"
  }
}
#0  debug_vardump_backtrace(Array ([post] => Array ([nome] => ASFASDF,[descricao] => asdfa,[qtd_estoque] => 123,[preco] => 123,[importato] => 0,[desco] => 10% a vista no Débito,20% a vista no Boleto,Brinde para pagamento a vista,Até 3x sem juros no crédito,[itens] => Grantia Extendida))) called at [/media/Dados/Público/www/2019/tsi/dsw/apiProds/controler/controler.php:65]
#1  debug(Array ([post] => Array ([nome] => ASFASDF,[descricao] => asdfa,[qtd_estoque] => 123,[preco] => 123,[importato] => 0,[desco] => 10% a vista no Débito,20% a vist in /media/Dados/Público/www/2019/tsi/dsw/apiProds/controler/controler.php on line 64
[09-Sep-2019 23:29:28 America/Sao_Paulo] PHP Notice:  Undefined variable: id in /media/Dados/Público/www/2019/tsi/dsw/apiProds/controler/produto.php on line 7
[09-Sep-2019 23:30:05 America/Sao_Paulo] PHP Fatal error:  Uncaught Error: Cannot use object of type stdClass as array in /media/Dados/Público/www/2019/tsi/dsw/apiProds/controler/produto.php:7
Stack trace:
#0 /media/Dados/Público/www/2019/tsi/dsw/apiProds/controler/controler.php(32): upd_produto('')
#1 /media/Dados/Público/www/2019/tsi/dsw/apiProds/index.php(18): router('produto/')
#2 {main}
  thrown in /media/Dados/Público/www/2019/tsi/dsw/apiProds/controler/produto.php on line 7
[09-Sep-2019 23:44:43 America/Sao_Paulo] PHP Warning:  Use of undefined constant method - assumed 'method' (this will throw an Error in a future version of PHP) in /media/Dados/Público/www/2019/tsi/dsw/apiProds/controler/controler.php on line 34
[09-Sep-2019 23:44:43 America/Sao_Paulo] PHP Notice:  Trying to get property 'id_prod' of non-object in /media/Dados/Público/www/2019/tsi/dsw/apiProds/controler/produto.php on line 6
[09-Sep-2019 23:45:01 America/Sao_Paulo] PHP Warning:  Use of undefined constant method - assumed 'method' (this will throw an Error in a future version of PHP) in /media/Dados/Público/www/2019/tsi/dsw/apiProds/controler/controler.php on line 34
[09-Sep-2019 23:45:01 America/Sao_Paulo] PHP Notice:  Trying to get property 'id_prod' of non-object in /media/Dados/Público/www/2019/tsi/dsw/apiProds/controler/produto.php on line 6
[09-Sep-2019 23:45:57 America/Sao_Paulo] PHP Notice:  Trying to get property 'id_prod' of non-object in /media/Dados/Público/www/2019/tsi/dsw/apiProds/controler/produto.php on line 6
[09-Sep-2019 23:46:43 America/Sao_Paulo] PHP Fatal error:  Uncaught Exception: Debugando:
########
VAR:
NULL
#0  debug_vardump_backtrace() called at [/media/Dados/Público/www/2019/tsi/dsw/apiProds/controler/controler.php:68]
#1  debug() called at [/media/Dados/Público/www/2019/tsi/dsw/apiProds/controler/produto.php:6]
#2  upd_produto() called at [/media/Dados/Público/www/2019/tsi/dsw/apiProds/controler/controler.php:39]
#3  router(produto/) called at [/media/Dados/Público/www/2019/tsi/dsw/apiProds/index.php:18]
\n in /media/Dados/Público/www/2019/tsi/dsw/apiProds/controler/controler.php:67
Stack trace:
#0 /media/Dados/Público/www/2019/tsi/dsw/apiProds/controler/produto.php(6): debug(NULL)
#1 /media/Dados/Público/www/2019/tsi/dsw/apiProds/controler/controler.php(39): upd_produto()
#2 /media/Dados/Público/www/2019/tsi/dsw/apiProds/index.php(18): router('produto/')
#3 {main}
  thrown in /media/Dados/Público/www/2019/tsi/dsw/apiProds/controler/controler.php on line 67
[09-Sep-2019 23:52:23 America/Sao_Paulo] PHP Notice:  Trying to get property 'id_prod' of non-object in /media/Dados/Público/www/2019/tsi/dsw/apiProds/controler/produto.php on line 14
[09-Sep-2019 23:53:07 America/Sao_Paulo] PHP Notice:  Trying to get property 'id_prod' of non-object in /media/Dados/Público/www/2019/tsi/dsw/apiProds/controler/produto.php on line 14
[09-Sep-2019 23:53:34 America/Sao_Paulo] PHP Notice:  Trying to get property 'id_prod' of non-object in /media/Dados/Público/www/2019/tsi/dsw/apiProds/controler/produto.php on line 14
[09-Sep-2019 23:53:42 America/Sao_Paulo] PHP Notice:  Trying to get property 'id_prod' of non-object in /media/Dados/Público/www/2019/tsi/dsw/apiProds/controler/produto.php on line 14
[09-Sep-2019 23:53:53 America/Sao_Paulo] PHP Notice:  Trying to get property 'id_prod' of non-object in /media/Dados/Público/www/2019/tsi/dsw/apiProds/controler/produto.php on line 14
[09-Sep-2019 23:54:11 America/Sao_Paulo] PHP Notice:  Trying to get property 'id_prod' of non-object in /media/Dados/Público/www/2019/tsi/dsw/apiProds/controler/produto.php on line 14
[09-Sep-2019 23:54:59 America/Sao_Paulo] PHP Notice:  Trying to get property 'id_prod' of non-object in /media/Dados/Público/www/2019/tsi/dsw/apiProds/controler/produto.php on line 14
[10-Sep-2019 00:50:34 America/Sao_Paulo] PHP Notice:  Undefined variable: drive in /media/Dados/Público/www/2019/tsi/dsw/apiProds/model/model.php on line 6
[10-Sep-2019 00:50:34 America/Sao_Paulo] PHP Notice:  Undefined variable: drive in /media/Dados/Público/www/2019/tsi/dsw/apiProds/model/model.php on line 8
